2023-01-25 11:52:56 [127.0.0.1][1][-][error][yii\symfonymailer\Mailer::sendMessage] Connection could not be established with host "localhost:25": stream_socket_client(): Unable to connect to localhost:25 (No connection could be made because the target machine actively refused it)
    in C:\xampp\htdocs\humhub-1.13.0\humhub-1.13.0\protected\humhub\components\mail\Mailer.php:120
    in C:\xampp\htdocs\humhub-1.13.0\humhub-1.13.0\protected\humhub\modules\user\models\Invite.php:199
    in C:\xampp\htdocs\humhub-1.13.0\humhub-1.13.0\protected\humhub\modules\user\controllers\InviteController.php:88
2023-01-25 11:52:52 [127.0.0.1][1][-][info][application] $_GET = [
    'r' => 'user/invite'
]

$_SERVER = [
    'MIBDIRS' => 'C:/xampp/php/extras/mibs'
    'MYSQL_HOME' => '\\xampp\\mysql\\bin'
    'OPENSSL_CONF' => 'C:/xampp/apache/bin/openssl.cnf'
    'PHP_PEAR_SYSCONF_DIR' => '\\xampp\\php'
    'PHPRC' => '\\xampp\\php'
    'TMP' => '\\xampp\\tmp'
    'HTTP_HOST' => 'localhost'
    'HTTP_USER_AGENT' => 'Mozilla/5.0 (Windows NT 10.0; Win64; x64; rv:102.0) Gecko/20100101 Firefox/102.0'
    'HTTP_ACCEPT' => '*/*'
    'HTTP_ACCEPT_LANGUAGE' => 'en-US,en;q=0.5'
    'HTTP_ACCEPT_ENCODING' => 'gzip, deflate, br'
    'CONTENT_TYPE' => 'application/x-www-form-urlencoded; charset=UTF-8'
    'CONTENT_LENGTH' => '144'
    'HTTP_X_CSRF_TOKEN' => '6RMrRcxUwpXvnREGIJ2Ii-vii9EDBj_BtKQQinQkNHyHZ150omW416nzIkJsq-a7ubfJmFF0dZn2yGnmPxAGSw=='
    'HTTP_HUMHUB_VIEW_CONTEXT' => 'modal'
    'HTTP_X_REQUESTED_WITH' => 'XMLHttpRequest'
    'HTTP_ORIGIN' => 'http://localhost'
    'HTTP_SEC_FETCH_DEST' => 'empty'
    'HTTP_SEC_FETCH_MODE' => 'cors'
    'HTTP_SEC_FETCH_SITE' => 'same-origin'
    'HTTP_REFERER' => 'http://localhost/humhub-1.13.0/humhub-1.13.0/index.php?r=admin%2Fuser%2Fadd'
    'HTTP_CONNECTION' => 'keep-alive'
    'HTTP_COOKIE' => '_csrf=0c90d82cfc2c3836b550954fa51c8a873f85079dd88f6d8295c3294b2aaa542fa%3A2%3A%7Bi%3A0%3Bs%3A5%3A%22_csrf%22%3Bi%3A1%3Bs%3A32%3A%22ntu1n1zBFn3DL6n0RUBIRrJXBlylK427%22%3B%7D; PHPSESSID=50ub762cmihulf6duiskbges27; _identity=b44ccbf4a932e0ce65679930fb121f880fc47646bacd416aa33bfab34036eeb9a%3A2%3A%7Bi%3A0%3Bs%3A9%3A%22_identity%22%3Bi%3A1%3Bs%3A46%3A%22%5B1%2C%22F6PGDeZqFL4uXCflAJxhe_wzUUKB0527%22%2C2592000%5D%22%3B%7D'
    'PATH' => 'C:\\Program Files (x86)\\VMware\\VMware Workstation\\bin\\;C:\\Windows\\system32;C:\\Windows;C:\\Windows\\System32\\Wbem;C:\\Windows\\System32\\WindowsPowerShell\\v1.0\\;C:\\Windows\\System32\\OpenSSH\\;C:\\Program Files (x86)\\Webex\\Plugins;C:\\Program Files\\nodejs\\;C:\\Program Files (x86)\\MiKTeX 2.9\\miktex\\bin\\;C:\\Program Files\\PuTTY\\;C:\\xampp\\php;C:\\ProgramData\\ComposerSetup\\bin;C:\\Users\\S.Mandal\\AppData\\Local\\Microsoft\\WindowsApps;C:\\Users\\S.Mandal\\AppData\\Local\\Programs\\Microsoft VS Code\\bin;C:\\Users\\S.Mandal\\AppData\\Local\\Programs\\Git\\cmd;C:\\Users\\S.Mandal\\AppData\\Local\\Pandoc\\'
    'SystemRoot' => 'C:\\Windows'
    'COMSPEC' => 'C:\\Windows\\system32\\cmd.exe'
    'PATHEXT' => '.COM;.EXE;.BAT;.CMD;.VBS;.VBE;.JS;.JSE;.WSF;.WSH;.MSC'
    'WINDIR' => 'C:\\Windows'
    'SERVER_SIGNATURE' => '<address>Apache/2.4.54 (Win64) OpenSSL/1.1.1p PHP/8.2.0 Server at localhost Port 80</address>
'
    'SERVER_SOFTWARE' => 'Apache/2.4.54 (Win64) OpenSSL/1.1.1p PHP/8.2.0'
    'SERVER_NAME' => 'localhost'
    'SERVER_ADDR' => '127.0.0.1'
    'SERVER_PORT' => '80'
    'REMOTE_ADDR' => '127.0.0.1'
    'DOCUMENT_ROOT' => 'C:/xampp/htdocs'
    'REQUEST_SCHEME' => 'http'
    'CONTEXT_PREFIX' => ''
    'CONTEXT_DOCUMENT_ROOT' => 'C:/xampp/htdocs'
    'SERVER_ADMIN' => 'postmaster@localhost'
    'SCRIPT_FILENAME' => 'C:/xampp/htdocs/humhub-1.13.0/humhub-1.13.0/index.php'
    'REMOTE_PORT' => '50854'
    'GATEWAY_INTERFACE' => 'CGI/1.1'
    'SERVER_PROTOCOL' => 'HTTP/1.1'
    'REQUEST_METHOD' => 'POST'
    'QUERY_STRING' => 'r=user%2Finvite'
    'REQUEST_URI' => '/humhub-1.13.0/humhub-1.13.0/index.php?r=user%2Finvite'
    'SCRIPT_NAME' => '/humhub-1.13.0/humhub-1.13.0/index.php'
    'PHP_SELF' => '/humhub-1.13.0/humhub-1.13.0/index.php'
    'REQUEST_TIME_FLOAT' => 1674643972.5023
    'REQUEST_TIME' => 1674643972
]
